<?xml version="1.0" encoding="UTF-8"?>
<testng-results total="1" passed="1" failed="0" skipped="0">
  <reporter-output>
  </reporter-output>
  <suite started-at="2022-07-30T14:59:23Z" name="Default suite" finished-at="2022-07-30T14:59:26Z" duration-ms="3024">
    <groups>
    </groups>
    <test started-at="2022-07-30T14:59:23Z" name="Default test" finished-at="2022-07-30T14:59:26Z" duration-ms="3024">
      <class name="Parameters.PathParameterTest">
        <test-method signature="getSingleProject()[pri:0, instance:Parameters.PathParameterTest@4167d97b]" started-at="2022-07-30T20:29:23Z" name="getSingleProject" finished-at="2022-07-30T20:29:26Z" duration-ms="2975" status="PASS">
          <reporter-output>
          </reporter-output>
        </test-method> <!-- getSingleProject -->
      </class> <!-- Parameters.PathParameterTest -->
    </test> <!-- Default test -->
  </suite> <!-- Default suite -->
</testng-results>
