<?xml version="1.0" encoding="UTF-8"?>
<testng-results ignored="0" total="1" passed="1" failed="0" skipped="0">
  <reporter-output>
  </reporter-output>
  <suite started-at="2022-08-01T17:37:11 IST" name="Default suite" finished-at="2022-08-01T17:38:06 IST" duration-ms="55410">
    <groups>
    </groups>
    <test started-at="2022-08-01T17:37:11 IST" name="Default test" finished-at="2022-08-01T17:38:06 IST" duration-ms="55410">
      <class name="Practice.CreateLeatTest">
        <test-method signature="createLead()[pri:0, instance:Practice.CreateLeatTest@29e495ff]" started-at="2022-08-01T17:37:11 IST" name="createLead" finished-at="2022-08-01T17:38:06 IST" duration-ms="55332" status="PASS">
          <reporter-output>
          </reporter-output>
        </test-method> <!-- createLead -->
      </class> <!-- Practice.CreateLeatTest -->
    </test> <!-- Default test -->
  </suite> <!-- Default suite -->
</testng-results>
