<?xml version="1.0" encoding="UTF-8"?>
<!-- Generated by org.testng.reporters.JUnitXMLReporter -->
<testsuite ignored="2" hostname="Reshma-PC" failures="0" tests="2" name="TestRunner1" time="127.968" errors="0" timestamp="2022-06-21T12:04:51 IST">
  <testcase classname="com.crm.CreateProducts.CreateProductionTest" name="CreateProduct" time="35.108"/>
  <testcase classname="com.crm.CreateProducts.CreateproductionbyexcelTest" name="CreateProduct" time="39.109"/>
  <testcase classname="GenericUtilities.BaseClassUtilities" name="@BeforeSuite dbconfig" time="0.0">
    <ignored/>
  </testcase> <!-- @BeforeSuite dbconfig -->
  <testcase classname="GenericUtilities.BaseClassUtilities" name="@AfterSuite closeDBConfig" time="0.0">
    <ignored/>
  </testcase> <!-- @AfterSuite closeDBConfig -->
</testsuite> <!-- TestRunner1 -->
