<?xml version="1.0" encoding="UTF-8"?>
<testng-results ignored="0" total="5" passed="5" failed="0" skipped="0">
  <reporter-output>
  </reporter-output>
  <suite started-at="2022-07-10T18:11:25 IST" name="Default suite" finished-at="2022-07-10T18:11:31 IST" duration-ms="5991">
    <groups>
    </groups>
    <test started-at="2022-07-10T18:11:25 IST" name="Default test" finished-at="2022-07-10T18:11:31 IST" duration-ms="5991">
      <class name="CreateProjectUsingDataProvoider.CreateProject">
        <test-method signature="createProject(java.lang.String,java.lang.String,java.lang.String,int)[pri:0, instance:CreateProjectUsingDataProvoider.CreateProject@1ba9117e]" started-at="2022-07-10T18:11:25 IST" name="createProject" data-provider="DataProvoider" finished-at="2022-07-10T18:11:30 IST" duration-ms="4917" status="PASS">
          <params>
            <param index="0">
              <value>
                <![CDATA[Shankar_1201177]]>
              </value>
            </param>
            <param index="1">
              <value>
                <![CDATA[TYSS122177]]>
              </value>
            </param>
            <param index="2">
              <value>
                <![CDATA[Ongoing]]>
              </value>
            </param>
            <param index="3">
              <value>
                <![CDATA[15]]>
              </value>
            </param>
          </params>
          <reporter-output>
          </reporter-output>
        </test-method> <!-- createProject -->
        <test-method signature="createProject(java.lang.String,java.lang.String,java.lang.String,int)[pri:0, instance:CreateProjectUsingDataProvoider.CreateProject@1ba9117e]" started-at="2022-07-10T18:11:30 IST" name="createProject" data-provider="DataProvoider" finished-at="2022-07-10T18:11:30 IST" duration-ms="170" status="PASS">
          <params>
            <param index="0">
              <value>
                <![CDATA[Santosh_2222177]]>
              </value>
            </param>
            <param index="1">
              <value>
                <![CDATA[TYSS_212177]]>
              </value>
            </param>
            <param index="2">
              <value>
                <![CDATA[Created]]>
              </value>
            </param>
            <param index="3">
              <value>
                <![CDATA[15]]>
              </value>
            </param>
          </params>
          <reporter-output>
          </reporter-output>
        </test-method> <!-- createProject -->
        <test-method signature="createProject(java.lang.String,java.lang.String,java.lang.String,int)[pri:0, instance:CreateProjectUsingDataProvoider.CreateProject@1ba9117e]" started-at="2022-07-10T18:11:30 IST" name="createProject" data-provider="DataProvoider" finished-at="2022-07-10T18:11:30 IST" duration-ms="133" status="PASS">
          <params>
            <param index="0">
              <value>
                <![CDATA[Pradeep_3223177]]>
              </value>
            </param>
            <param index="1">
              <value>
                <![CDATA[TYSS313177]]>
              </value>
            </param>
            <param index="2">
              <value>
                <![CDATA[Completed]]>
              </value>
            </param>
            <param index="3">
              <value>
                <![CDATA[15]]>
              </value>
            </param>
          </params>
          <reporter-output>
          </reporter-output>
        </test-method> <!-- createProject -->
        <test-method signature="createProject(java.lang.String,java.lang.String,java.lang.String,int)[pri:0, instance:CreateProjectUsingDataProvoider.CreateProject@1ba9117e]" started-at="2022-07-10T18:11:30 IST" name="createProject" data-provider="DataProvoider" finished-at="2022-07-10T18:11:31 IST" duration-ms="203" status="PASS">
          <params>
            <param index="0">
              <value>
                <![CDATA[Gopi_4223177]]>
              </value>
            </param>
            <param index="1">
              <value>
                <![CDATA[TYSS_412177]]>
              </value>
            </param>
            <param index="2">
              <value>
                <![CDATA[Ongoing]]>
              </value>
            </param>
            <param index="3">
              <value>
                <![CDATA[15]]>
              </value>
            </param>
          </params>
          <reporter-output>
          </reporter-output>
        </test-method> <!-- createProject -->
        <test-method signature="createProject(java.lang.String,java.lang.String,java.lang.String,int)[pri:0, instance:CreateProjectUsingDataProvoider.CreateProject@1ba9117e]" started-at="2022-07-10T18:11:31 IST" name="createProject" data-provider="DataProvoider" finished-at="2022-07-10T18:11:31 IST" duration-ms="440" status="PASS">
          <params>
            <param index="0">
              <value>
                <![CDATA[Krish_2531177]]>
              </value>
            </param>
            <param index="1">
              <value>
                <![CDATA[TYSS255_177]]>
              </value>
            </param>
            <param index="2">
              <value>
                <![CDATA[Created]]>
              </value>
            </param>
            <param index="3">
              <value>
                <![CDATA[15]]>
              </value>
            </param>
          </params>
          <reporter-output>
          </reporter-output>
        </test-method> <!-- createProject -->
      </class> <!-- CreateProjectUsingDataProvoider.CreateProject -->
    </test> <!-- Default test -->
  </suite> <!-- Default suite -->
</testng-results>
