<?xml version="1.0" encoding="UTF-8"?>
<testng-results total="1" passed="1" failed="0" skipped="0">
  <reporter-output>
  </reporter-output>
  <suite started-at="2022-07-17T17:12:09Z" name="Default suite" finished-at="2022-07-17T17:12:12Z" duration-ms="3072">
    <groups>
    </groups>
    <test started-at="2022-07-17T17:12:09Z" name="Default test" finished-at="2022-07-17T17:12:12Z" duration-ms="3072">
      <class name="CRUDOperationWithBDD.CreateProjectTest">
        <test-method signature="createProjectTest()[pri:0, instance:CRUDOperationWithBDD.CreateProjectTest@58594a11]" started-at="2022-07-17T22:42:09Z" name="createProjectTest" finished-at="2022-07-17T22:42:12Z" duration-ms="3031" status="PASS">
          <reporter-output>
          </reporter-output>
        </test-method> <!-- createProjectTest -->
      </class> <!-- CRUDOperationWithBDD.CreateProjectTest -->
    </test> <!-- Default test -->
  </suite> <!-- Default suite -->
</testng-results>
