<?xml version="1.0" encoding="UTF-8"?>
<!-- Generated by org.testng.reporters.JUnitXMLReporter -->
<testsuite ignored="0" hostname="Reshma-PC" failures="4" tests="4" name="Test2" time="0.307" errors="0" timestamp="2022-07-24T19:40:18 IST">
  <testcase classname="com.crm.Campaign.CampaignAdvanceSearchTTC_20Test" name="CampaignAdvanceSearch" time="0.172">
    <failure type="java.lang.NullPointerException">
      <![CDATA[java.lang.NullPointerException
at java.base/java.util.Objects.requireNonNull(Objects.java:208)
at org.openqa.selenium.interactions.Actions.<init>(Actions.java:65)
at GenericUtilities.WebDriverUtilities.MoveToElement(WebDriverUtilities.java:171)
at com.crm.ObjectRepository.HomePage.Clickcampaign(HomePage.java:58)
at com.crm.Campaign.CampaignAdvanceSearchTTC_20Test.CampaignAdvanceSearch(CampaignAdvanceSearchTTC_20Test.java:20)
at java.base/java.util.ArrayList.forEach(ArrayList.java:1511)
at java.base/java.util.concurrent.FutureTask.run(FutureTask.java:264)
at java.base/java.util.concurrent.ThreadPoolExecutor.runWorker(ThreadPoolExecutor.java:1130)
at java.base/java.util.concurrent.ThreadPoolExecutor$Worker.run(ThreadPoolExecutor.java:630)
at java.base/java.lang.Thread.run(Thread.java:831)
... Removed 18 stack frames]]>
    </failure>
  </testcase> <!-- CampaignAdvanceSearch -->
  <testcase classname="com.crm.Campaign.CreateCampaignTest" name="createCampaign" time="0.003">
    <failure type="java.io.FileNotFoundException" message=".\src\test\resources\Book1.xlsx (The system cannot find the file specified)">
      <![CDATA[java.io.FileNotFoundException: .\src\test\resources\Book1.xlsx (The system cannot find the file specified)
at java.base/java.io.FileInputStream.open0(Native Method)
at java.base/java.io.FileInputStream.open(FileInputStream.java:211)
at java.base/java.io.FileInputStream.<init>(FileInputStream.java:153)
at java.base/java.io.FileInputStream.<init>(FileInputStream.java:108)
at GenericUtilities.ExcelUtilities.Readfromexcel(ExcelUtilities.java:28)
at com.crm.Campaign.CreateCampaignTest.createCampaign(CreateCampaignTest.java:42)
at java.base/java.util.ArrayList.forEach(ArrayList.java:1511)
at java.base/java.util.concurrent.FutureTask.run(FutureTask.java:264)
at java.base/java.util.concurrent.ThreadPoolExecutor.runWorker(ThreadPoolExecutor.java:1130)
at java.base/java.util.concurrent.ThreadPoolExecutor$Worker.run(ThreadPoolExecutor.java:630)
at java.base/java.lang.Thread.run(Thread.java:831)
... Removed 18 stack frames]]>
    </failure>
  </testcase> <!-- createCampaign -->
  <testcase classname="com.crm.CreateOrganization.CreateOrganizationByExcel" name="CreateOrganization" time="0.002">
    <failure type="java.io.FileNotFoundException" message=".\src\test\resources\Book1.xlsx (The system cannot find the file specified)">
      <![CDATA[java.io.FileNotFoundException: .\src\test\resources\Book1.xlsx (The system cannot find the file specified)
at java.base/java.io.FileInputStream.open0(Native Method)
at java.base/java.io.FileInputStream.open(FileInputStream.java:211)
at java.base/java.io.FileInputStream.<init>(FileInputStream.java:153)
at java.base/java.io.FileInputStream.<init>(FileInputStream.java:108)
at GenericUtilities.ExcelUtilities.Readfromexcel(ExcelUtilities.java:28)
at com.crm.CreateOrganization.CreateOrganizationByExcel.CreateOrganization(CreateOrganizationByExcel.java:25)
at java.base/java.util.ArrayList.forEach(ArrayList.java:1511)
at java.base/java.util.concurrent.FutureTask.run(FutureTask.java:264)
at java.base/java.util.concurrent.ThreadPoolExecutor.runWorker(ThreadPoolExecutor.java:1130)
at java.base/java.util.concurrent.ThreadPoolExecutor$Worker.run(ThreadPoolExecutor.java:630)
at java.base/java.lang.Thread.run(Thread.java:831)
... Removed 18 stack frames]]>
    </failure>
  </testcase> <!-- CreateOrganization -->
  <testcase classname="com.crm.CreateOrganization.ToCreateOrganizationTest" name="CreateOrganization" time="0.001">
    <failure type="java.lang.NullPointerException" message="Cannot invoke &amp;quot;org.openqa.selenium.SearchContext.findElement(org.openqa.selenium.By)&amp;quot; because &amp;quot;this.searchContext&amp;quot; is null">
      <![CDATA[java.lang.NullPointerException: Cannot invoke "org.openqa.selenium.SearchContext.findElement(org.openqa.selenium.By)" because "this.searchContext" is null
at org.openqa.selenium.support.pagefactory.DefaultElementLocator.findElement(DefaultElementLocator.java:69)
at org.openqa.selenium.support.pagefactory.internal.LocatingElementHandler.invoke(LocatingElementHandler.java:38)
at jdk.proxy2/jdk.proxy2.$Proxy17.click(Unknown Source)
at com.crm.ObjectRepository.HomePage.ClickonOrganization(HomePage.java:38)
at com.crm.CreateOrganization.ToCreateOrganizationTest.CreateOrganization(ToCreateOrganizationTest.java:43)
at java.base/java.util.ArrayList.forEach(ArrayList.java:1511)
at java.base/java.util.concurrent.FutureTask.run(FutureTask.java:264)
at java.base/java.util.concurrent.ThreadPoolExecutor.runWorker(ThreadPoolExecutor.java:1130)
at java.base/java.util.concurrent.ThreadPoolExecutor$Worker.run(ThreadPoolExecutor.java:630)
at java.base/java.lang.Thread.run(Thread.java:831)
... Removed 18 stack frames]]>
    </failure>
  </testcase> <!-- CreateOrganization -->
</testsuite> <!-- Test2 -->
