<?xml version="1.0" encoding="UTF-8"?>
<!-- Generated by org.testng.reporters.JUnitXMLReporter -->
<testsuite ignored="4" hostname="Reshma-PC" failures="0" tests="4" name="Test" time="0.089" errors="0" timestamp="2022-08-01T15:44:09 IST">
  <testcase classname="Practice.classB" name="classaa" time="0.008"/>
  <testcase classname="Practice.classB" name="classab" time="0.002"/>
  <testcase classname="Practice.classA" name="classaa" time="0.002"/>
  <testcase classname="Practice.classA" name="classab" time="0.001"/>
  <testcase classname="GenericUtilities.Base" name="@BeforeTest test" time="0.0">
    <ignored/>
  </testcase> <!-- @BeforeTest test -->
  <testcase classname="GenericUtilities.Base" name="@BeforeTest test" time="0.0">
    <ignored/>
  </testcase> <!-- @BeforeTest test -->
  <testcase classname="GenericUtilities.Base" name="@BeforeSuite suite" time="0.0">
    <ignored/>
  </testcase> <!-- @BeforeSuite suite -->
  <testcase classname="GenericUtilities.Base" name="@BeforeSuite suite" time="0.0">
    <ignored/>
  </testcase> <!-- @BeforeSuite suite -->
</testsuite> <!-- Test -->
