<?xml version="1.0" encoding="UTF-8"?>
<!-- Generated by org.testng.reporters.JUnitXMLReporter -->
<testsuite ignored="2" hostname="Reshma-PC" failures="0" tests="2" name="TestRunner1" time="29.643" errors="0" timestamp="2022-08-09T22:54:18 IST">
  <testcase classname="GenericUtilities.BaseClassUtilities" name="@BeforeClass launchTheBrowse" time="23.252">
    <failure type="java.lang.NullPointerException" message="Cannot invoke &amp;quot;org.openqa.selenium.WebDriver.manage()&amp;quot; because &amp;quot;this.driver&amp;quot; is null">
      <![CDATA[java.lang.NullPointerException: Cannot invoke "org.openqa.selenium.WebDriver.manage()" because "this.driver" is null
at GenericUtilities.WebDriverUtilities.WaitForPageToLoad(WebDriverUtilities.java:35)
at GenericUtilities.BaseClassUtilities.launchTheBrowse(BaseClassUtilities.java:57)
at java.base/java.util.ArrayList.forEach(ArrayList.java:1511)
at java.base/java.util.concurrent.FutureTask.run(FutureTask.java:264)
at java.base/java.util.concurrent.ThreadPoolExecutor.runWorker(ThreadPoolExecutor.java:1130)
at java.base/java.util.concurrent.ThreadPoolExecutor$Worker.run(ThreadPoolExecutor.java:630)
at java.base/java.lang.Thread.run(Thread.java:831)
... Removed 16 stack frames]]>
    </failure>
  </testcase> <!-- @BeforeClass launchTheBrowse -->
  <testcase classname="GenericUtilities.BaseClassUtilities" name="@BeforeClass launchTheBrowse" time="23.252">
    <failure type="java.lang.NullPointerException" message="Cannot invoke &amp;quot;org.openqa.selenium.WebDriver.manage()&amp;quot; because &amp;quot;this.driver&amp;quot; is null">
      <![CDATA[java.lang.NullPointerException: Cannot invoke "org.openqa.selenium.WebDriver.manage()" because "this.driver" is null
at GenericUtilities.WebDriverUtilities.WaitForPageToLoad(WebDriverUtilities.java:35)
at GenericUtilities.BaseClassUtilities.launchTheBrowse(BaseClassUtilities.java:57)
at java.base/java.util.ArrayList.forEach(ArrayList.java:1511)
at java.base/java.util.concurrent.FutureTask.run(FutureTask.java:264)
at java.base/java.util.concurrent.ThreadPoolExecutor.runWorker(ThreadPoolExecutor.java:1130)
at java.base/java.util.concurrent.ThreadPoolExecutor$Worker.run(ThreadPoolExecutor.java:630)
at java.base/java.lang.Thread.run(Thread.java:831)
... Removed 16 stack frames]]>
    </failure>
  </testcase> <!-- @BeforeClass launchTheBrowse -->
  <testcase classname="GenericUtilities.BaseClassUtilities" name="@BeforeMethod loginToAppln" time="-1.660065847998E9">
    <skipped/>
  </testcase> <!-- @BeforeMethod loginToAppln -->
  <testcase classname="GenericUtilities.BaseClassUtilities" name="@BeforeMethod loginToAppln" time="-1.660065847998E9">
    <skipped/>
  </testcase> <!-- @BeforeMethod loginToAppln -->
  <testcase classname="GenericUtilities.BaseClassUtilities" name="@AfterMethod LogoutFromAppln" time="-1.660065848018E9">
    <skipped/>
  </testcase> <!-- @AfterMethod LogoutFromAppln -->
  <testcase classname="GenericUtilities.BaseClassUtilities" name="@AfterClass closeTheBrowser" time="-1.660065848028E9">
    <skipped/>
  </testcase> <!-- @AfterClass closeTheBrowser -->
  <testcase classname="GenericUtilities.BaseClassUtilities" name="@AfterMethod LogoutFromAppln" time="-1.660065848055E9">
    <skipped/>
  </testcase> <!-- @AfterMethod LogoutFromAppln -->
  <testcase classname="GenericUtilities.BaseClassUtilities" name="@AfterClass closeTheBrowser" time="-1.660065848077E9">
    <skipped/>
  </testcase> <!-- @AfterClass closeTheBrowser -->
  <testcase classname="GenericUtilities.BaseClassUtilities" name="@BeforeClass launchTheBrowse" time="6.105">
    <failure type="java.lang.NullPointerException" message="Cannot invoke &amp;quot;org.openqa.selenium.WebDriver.manage()&amp;quot; because &amp;quot;this.driver&amp;quot; is null">
      <![CDATA[java.lang.NullPointerException: Cannot invoke "org.openqa.selenium.WebDriver.manage()" because "this.driver" is null
at GenericUtilities.WebDriverUtilities.WaitForPageToLoad(WebDriverUtilities.java:35)
at GenericUtilities.BaseClassUtilities.launchTheBrowse(BaseClassUtilities.java:57)
at java.base/java.util.ArrayList.forEach(ArrayList.java:1511)
at java.base/java.util.concurrent.FutureTask.run(FutureTask.java:264)
at java.base/java.util.concurrent.ThreadPoolExecutor.runWorker(ThreadPoolExecutor.java:1130)
at java.base/java.util.concurrent.ThreadPoolExecutor$Worker.run(ThreadPoolExecutor.java:630)
at java.base/java.lang.Thread.run(Thread.java:831)
... Removed 16 stack frames]]>
    </failure>
  </testcase> <!-- @BeforeClass launchTheBrowse -->
  <testcase classname="GenericUtilities.BaseClassUtilities" name="@BeforeMethod loginToAppln" time="-1.660065854148E9">
    <skipped/>
  </testcase> <!-- @BeforeMethod loginToAppln -->
  <testcase classname="GenericUtilities.BaseClassUtilities" name="@AfterMethod LogoutFromAppln" time="-1.66006585416E9">
    <skipped/>
  </testcase> <!-- @AfterMethod LogoutFromAppln -->
  <testcase classname="GenericUtilities.BaseClassUtilities" name="@AfterClass closeTheBrowser" time="-1.660065854162E9">
    <skipped/>
  </testcase> <!-- @AfterClass closeTheBrowser -->
  <testcase classname="GenericUtilities.BaseClassUtilities" name="@BeforeClass launchTheBrowse" time="9.109">
    <failure type="java.lang.NullPointerException" message="Cannot invoke &amp;quot;org.openqa.selenium.WebDriver.manage()&amp;quot; because &amp;quot;this.driver&amp;quot; is null">
      <![CDATA[java.lang.NullPointerException: Cannot invoke "org.openqa.selenium.WebDriver.manage()" because "this.driver" is null
at GenericUtilities.WebDriverUtilities.WaitForPageToLoad(WebDriverUtilities.java:35)
at GenericUtilities.BaseClassUtilities.launchTheBrowse(BaseClassUtilities.java:57)
at java.base/java.util.ArrayList.forEach(ArrayList.java:1511)
at java.base/java.util.concurrent.FutureTask.run(FutureTask.java:264)
at java.base/java.util.concurrent.ThreadPoolExecutor.runWorker(ThreadPoolExecutor.java:1130)
at java.base/java.util.concurrent.ThreadPoolExecutor$Worker.run(ThreadPoolExecutor.java:630)
at java.base/java.lang.Thread.run(Thread.java:831)
... Removed 16 stack frames]]>
    </failure>
  </testcase> <!-- @BeforeClass launchTheBrowse -->
  <testcase classname="GenericUtilities.BaseClassUtilities" name="@BeforeMethod loginToAppln" time="-1.660065857209E9">
    <skipped/>
  </testcase> <!-- @BeforeMethod loginToAppln -->
  <testcase classname="GenericUtilities.BaseClassUtilities" name="@AfterMethod LogoutFromAppln" time="-1.660065857222E9">
    <skipped/>
  </testcase> <!-- @AfterMethod LogoutFromAppln -->
  <testcase classname="GenericUtilities.BaseClassUtilities" name="@AfterClass closeTheBrowser" time="-1.66006585723E9">
    <skipped/>
  </testcase> <!-- @AfterClass closeTheBrowser -->
  <testcase classname="com.crm.CreateProducts.CreateProductionTest" name="CreateProduct" time="0.0">
    <skipped/>
  </testcase> <!-- CreateProduct -->
  <testcase classname="com.crm.Campaign.CampaignAdvanceSaerchTest" name="CampaignAdvanceSearch" time="0.0">
    <skipped/>
  </testcase> <!-- CampaignAdvanceSearch -->
  <testcase classname="GenericUtilities.BaseClassUtilities" name="@BeforeSuite dbconfig" time="0.0">
    <ignored/>
  </testcase> <!-- @BeforeSuite dbconfig -->
  <testcase classname="GenericUtilities.BaseClassUtilities" name="@AfterSuite closeDBConfig" time="0.0">
    <ignored/>
  </testcase> <!-- @AfterSuite closeDBConfig -->
</testsuite> <!-- TestRunner1 -->
