<?xml version="1.0" encoding="UTF-8"?>
<!-- Generated by org.testng.reporters.JUnitXMLReporter -->
<testsuite ignored="0" hostname="LAPTOP-LE5SPD4L" failures="0" tests="5" name="Default test" time="5.991" errors="0" timestamp="2022-07-10T18:11:31 IST">
  <testcase classname="CreateProjectUsingDataProvoider.CreateProject" name="createProject" time="4.917"/>
  <testcase classname="CreateProjectUsingDataProvoider.CreateProject" name="createProject" time="0.17"/>
  <testcase classname="CreateProjectUsingDataProvoider.CreateProject" name="createProject" time="0.133"/>
  <testcase classname="CreateProjectUsingDataProvoider.CreateProject" name="createProject" time="0.203"/>
  <testcase classname="CreateProjectUsingDataProvoider.CreateProject" name="createProject" time="0.44"/>
</testsuite> <!-- Default test -->
